Log file open, 03/09/18 13:40:48
LogWindows: Failed to load 'aqProf.dll' (GetLastError=126)
LogWindows: File 'aqProf.dll' does not exist
LogWindows: Failed to load 'VSPerf140.dll' (GetLastError=126)
LogWindows: File 'VSPerf140.dll' does not exist
LogWindows: Failed to load 'VtuneApi.dll' (GetLastError=126)
LogWindows: File 'VtuneApi.dll' does not exist
LogWindows: Failed to load 'VtuneApi32e.dll' (GetLastError=126)
LogWindows: File 'VtuneApi32e.dll' does not exist
LogInit: Display: Running engine for game: UECollisions
LogPlatformFile: Not using cached read wrapper
LogInit: Display: RandInit(-533219430) SRandInit(-533219430).
LogInit: Read version file with build ID '3709383'
LogInit: Overriding engine version to CL 3832480, compatible CL 3709383
LogInit: Registered custom module enumerator with build ID '3709383'
LogTaskGraph: Started task graph with 5 named threads and 14 total threads with 3 sets of task threads.
LogStats: Stats thread started at 0.329379
LogD3D11RHI: Aftermath initialized
LogPluginManager: Mounting plugin Paper2D
LogPluginManager: Mounting plugin LightPropagationVolume
LogPluginManager: Mounting plugin CodeLiteSourceCodeAccess
LogPluginManager: Mounting plugin GitSourceControl
LogPluginManager: Mounting plugin KDevelopSourceCodeAccess
LogPluginManager: Mounting plugin NullSourceCodeAccess
LogPluginManager: Mounting plugin PerforceSourceControl
LogPluginManager: Mounting plugin SubversionSourceControl
LogPluginManager: Mounting plugin UObjectPlugin
LogPluginManager: Mounting plugin VisualStudioCodeSourceCodeAccess
LogPluginManager: Mounting plugin VisualStudioSourceCodeAccess
LogPluginManager: Mounting plugin XCodeSourceCodeAccess
LogPluginManager: Mounting plugin AssetManagerEditor
LogPluginManager: Mounting plugin AudioCapture
LogPluginManager: Mounting plugin FacialAnimation
LogPluginManager: Mounting plugin GameplayTagsEditor
LogPluginManager: Mounting plugin MobileLauncherProfileWizard
LogPluginManager: Mounting plugin PluginBrowser
LogPluginManager: Mounting plugin SpeedTreeImporter
LogPluginManager: Mounting plugin AlembicImporter
LogPluginManager: Mounting plugin CharacterAI
LogPluginManager: Mounting plugin HTML5Networking
LogPluginManager: Mounting plugin RawInput
LogPluginManager: Mounting plugin AndroidMedia
LogPluginManager: Mounting plugin AvfMedia
LogPluginManager: Mounting plugin ImgMedia
LogPluginManager: Mounting plugin MediaCompositing
LogPluginManager: Mounting plugin MediaPlayerEditor
LogPluginManager: Mounting plugin WmfMedia
LogPluginManager: Mounting plugin TcpMessaging
LogPluginManager: Mounting plugin UdpMessaging
LogPluginManager: Mounting plugin ActorSequence
LogPluginManager: Mounting plugin LevelSequenceEditor
LogPluginManager: Mounting plugin MatineeToLevelSequence
LogPluginManager: Mounting plugin OnlineSubsystemGooglePlay
LogPluginManager: Mounting plugin OnlineSubsystemIOS
LogPluginManager: Mounting plugin OnlineSubsystem
LogPluginManager: Mounting plugin OnlineSubsystemNull
LogPluginManager: Mounting plugin OnlineSubsystemUtils
LogPluginManager: Mounting plugin AndroidDeviceProfileSelector
LogPluginManager: Mounting plugin AndroidMoviePlayer
LogPluginManager: Mounting plugin AndroidPermission
LogPluginManager: Mounting plugin AppleARKit
LogPluginManager: Mounting plugin AppleMoviePlayer
LogPluginManager: Mounting plugin ArchVisCharacter
LogPluginManager: Mounting plugin CableComponent
LogPluginManager: Mounting plugin CustomMeshComponent
LogPluginManager: Mounting plugin ExampleDeviceProfileSelector
LogPluginManager: Mounting plugin GoogleCloudMessaging
LogPluginManager: Mounting plugin ImmediatePhysics
LogPluginManager: Mounting plugin IOSDeviceProfileSelector
LogPluginManager: Mounting plugin LinuxDeviceProfileSelector
LogPluginManager: Mounting plugin LocationServicesBPLibrary
LogPluginManager: Mounting plugin MobilePatchingUtils
LogPluginManager: Mounting plugin OculusVR
LogPluginManager: Plugin shader directory ../../../Engine/Plugins/Runtime/Oculus/OculusVR/Shaders found
LogPluginManager: Mapping shader source directory ../../../Engine/Plugins/Runtime/Oculus/OculusVR/Shaders to virtual directory /Plugin/OculusVR
LogPluginManager: Mounting plugin PhysXVehicles
LogPluginManager: Mounting plugin ProceduralMeshComponent
LogPluginManager: Mounting plugin RuntimePhysXCooking
LogPluginManager: Mounting plugin SteamVR
LogPluginManager: Mounting plugin WindowsMoviePlayer
LogModuleManager: Display: Found up-to-date module file ../../../../../Projects/UECollisions/Binaries/Win64/UE4Editor-UECollisions-Win64-DebugGame.dll (API version 3709383).
LogModuleManager: Display: Found up-to-date module file ../../../Engine/Plugins/2D/Paper2D/Binaries/Win64/UE4Editor-Paper2D.dll (API version 3709383).
LogModuleManager: Display: Found up-to-date module file ../../../Engine/Plugins/2D/Paper2D/Binaries/Win64/UE4Editor-Paper2DEditor.dll (API version 3709383).
LogModuleManager: Display: Found up-to-date module file ../../../Engine/Plugins/2D/Paper2D/Binaries/Win64/UE4Editor-PaperSpriteSheetImporter.dll (API version 3709383).
LogModuleManager: Display: Found up-to-date module file ../../../Engine/Plugins/2D/Paper2D/Binaries/Win64/UE4Editor-PaperTiledImporter.dll (API version 3709383).
LogModuleManager: Display: Found up-to-date module file ../../../Engine/Plugins/2D/Paper2D/Binaries/Win64/UE4Editor-SmartSnapping.dll (API version 3709383).
LogModuleManager: Display: Found up-to-date module file ../../../Engine/Plugins/Blendables/LightPropagationVolume/Binaries/Win64/UE4Editor-LightPropagationVolumeRuntime.dll (API version 3709383).
LogModuleManager: Display: Found up-to-date module file ../../../Engine/Plugins/Blendables/LightPropagationVolume/Binaries/Win64/UE4Editor-LightPropagationVolumeEditor.dll (API version 3709383).
LogModuleManager: Display: Found up-to-date module file ../../../Engine/Plugins/Developer/GitSourceControl/Binaries/Win64/UE4Editor-GitSourceControl.dll (API version 3709383).
LogModuleManager: Display: Found up-to-date module file ../../../Engine/Plugins/Developer/PerforceSourceControl/Binaries/Win64/UE4Editor-PerforceSourceControl.dll (API version 3709383).
LogModuleManager: Display: Found up-to-date module file ../../../Engine/Plugins/Developer/SubversionSourceControl/Binaries/Win64/UE4Editor-SubversionSourceControl.dll (API version 3709383).
LogModuleManager: Display: Found up-to-date module file ../../../Engine/Plugins/Developer/UObjectPlugin/Binaries/Win64/UE4Editor-UObjectPlugin.dll (API version 3709383).
LogModuleManager: Display: Found up-to-date module file ../../../Engine/Plugins/Developer/VisualStudioCodeSourceCodeAccess/Binaries/Win64/UE4Editor-VisualStudioCodeSourceCodeAccess.dll (API version 3709383).
LogModuleManager: Display: Found up-to-date module file ../../../Engine/Plugins/Developer/VisualStudioSourceCodeAccess/Binaries/Win64/UE4Editor-VisualStudioSourceCodeAccess.dll (API version 3709383).
LogModuleManager: Display: Found up-to-date module file ../../../Engine/Plugins/Editor/AssetManagerEditor/Binaries/Win64/UE4Editor-AssetManagerEditor.dll (API version 3709383).
LogModuleManager: Display: Found up-to-date module file ../../../Engine/Plugins/Editor/AudioCapture/Binaries/Win64/UE4Editor-AudioCapture.dll (API version 3709383).
LogModuleManager: Display: Found up-to-date module file ../../../Engine/Plugins/Editor/FacialAnimation/Binaries/Win64/UE4Editor-FacialAnimation.dll (API version 3709383).
LogModuleManager: Display: Found up-to-date module file ../../../Engine/Plugins/Editor/FacialAnimation/Binaries/Win64/UE4Editor-FacialAnimationEditor.dll (API version 3709383).
LogModuleManager: Display: Found up-to-date module file ../../../Engine/Plugins/Editor/GameplayTagsEditor/Binaries/Win64/UE4Editor-GameplayTagsEditor.dll (API version 3709383).
LogModuleManager: Display: Found up-to-date module file ../../../Engine/Plugins/Editor/MobileLauncherProfileWizard/Binaries/Win64/UE4Editor-MobileLauncherProfileWizard.dll (API version 3709383).
LogModuleManager: Display: Found up-to-date module file ../../../Engine/Plugins/Editor/PluginBrowser/Binaries/Win64/UE4Editor-PluginBrowser.dll (API version 3709383).
LogModuleManager: Display: Found up-to-date module file ../../../Engine/Plugins/Editor/SpeedTreeImporter/Binaries/Win64/UE4Editor-SpeedTreeImporter.dll (API version 3709383).
LogModuleManager: Display: Found up-to-date module file ../../../Engine/Plugins/Experimental/AlembicImporter/Binaries/Win64/UE4Editor-AlembicImporter.dll (API version 3709383).
LogModuleManager: Display: Found up-to-date module file ../../../Engine/Plugins/Experimental/AlembicImporter/Binaries/Win64/UE4Editor-AlembicLibrary.dll (API version 3709383).
LogModuleManager: Display: Found up-to-date module file ../../../Engine/Plugins/Experimental/CharacterAI/Binaries/Win64/UE4Editor-CharacterAI.dll (API version 3709383).
LogModuleManager: Display: Found up-to-date module file ../../../Engine/Plugins/Experimental/HTML5Networking/Binaries/Win64/UE4Editor-HTML5Networking.dll (API version 3709383).
LogModuleManager: Display: Found up-to-date module file ../../../Engine/Plugins/Experimental/RawInput/Binaries/Win64/UE4Editor-RawInput.dll (API version 3709383).
LogModuleManager: Display: Found up-to-date module file ../../../Engine/Plugins/Media/AndroidMedia/Binaries/Win64/UE4Editor-AndroidMediaEditor.dll (API version 3709383).
LogModuleManager: Display: Found up-to-date module file ../../../Engine/Plugins/Media/AndroidMedia/Binaries/Win64/UE4Editor-AndroidMediaFactory.dll (API version 3709383).
LogModuleManager: Display: Found up-to-date module file ../../../Engine/Plugins/Media/AvfMedia/Binaries/Win64/UE4Editor-AvfMediaEditor.dll (API version 3709383).
LogModuleManager: Display: Found up-to-date module file ../../../Engine/Plugins/Media/AvfMedia/Binaries/Win64/UE4Editor-AvfMediaFactory.dll (API version 3709383).
LogModuleManager: Display: Found up-to-date module file ../../../Engine/Plugins/Media/AvfMedia/Binaries/Win64/UE4Editor-AvfMediaFactory.dll (API version 3709383).
LogModuleManager: Display: Found up-to-date module file ../../../Engine/Plugins/Media/ImgMedia/Binaries/Win64/UE4Editor-ImgMedia.dll (API version 3709383).
LogModuleManager: Display: Found up-to-date module file ../../../Engine/Plugins/Media/ImgMedia/Binaries/Win64/UE4Editor-ImgMediaEditor.dll (API version 3709383).
LogModuleManager: Display: Found up-to-date module file ../../../Engine/Plugins/Media/ImgMedia/Binaries/Win64/UE4Editor-ImgMediaFactory.dll (API version 3709383).
LogModuleManager: Display: Found up-to-date module file ../../../Engine/Plugins/Media/ImgMedia/Binaries/Win64/UE4Editor-ImgMediaFactory.dll (API version 3709383).
LogModuleManager: Display: Found up-to-date module file ../../../Engine/Plugins/Media/ImgMedia/Binaries/Win64/UE4Editor-OpenExrWrapper.dll (API version 3709383).
LogModuleManager: Display: Found up-to-date module file ../../../Engine/Plugins/Media/MediaCompositing/Binaries/Win64/UE4Editor-MediaCompositing.dll (API version 3709383).
LogModuleManager: Display: Found up-to-date module file ../../../Engine/Plugins/Media/MediaCompositing/Binaries/Win64/UE4Editor-MediaCompositingEditor.dll (API version 3709383).
LogModuleManager: Display: Found up-to-date module file ../../../Engine/Plugins/Media/MediaPlayerEditor/Binaries/Win64/UE4Editor-MediaPlayerEditor.dll (API version 3709383).
LogModuleManager: Display: Found up-to-date module file ../../../Engine/Plugins/Media/WmfMedia/Binaries/Win64/UE4Editor-WmfMedia.dll (API version 3709383).
LogModuleManager: Display: Found up-to-date module file ../../../Engine/Plugins/Media/WmfMedia/Binaries/Win64/UE4Editor-WmfMediaEditor.dll (API version 3709383).
LogModuleManager: Display: Found up-to-date module file ../../../Engine/Plugins/Media/WmfMedia/Binaries/Win64/UE4Editor-WmfMediaFactory.dll (API version 3709383).
LogModuleManager: Display: Found up-to-date module file ../../../Engine/Plugins/Media/WmfMedia/Binaries/Win64/UE4Editor-WmfMediaFactory.dll (API version 3709383).
LogModuleManager: Display: Found up-to-date module file ../../../Engine/Plugins/Messaging/TcpMessaging/Binaries/Win64/UE4Editor-TcpMessaging.dll (API version 3709383).
LogModuleManager: Display: Found up-to-date module file ../../../Engine/Plugins/Messaging/UdpMessaging/Binaries/Win64/UE4Editor-UdpMessaging.dll (API version 3709383).
LogModuleManager: Display: Found up-to-date module file ../../../Engine/Plugins/MovieScene/ActorSequence/Binaries/Win64/UE4Editor-ActorSequence.dll (API version 3709383).
LogModuleManager: Display: Found up-to-date module file ../../../Engine/Plugins/MovieScene/LevelSequenceEditor/Binaries/Win64/UE4Editor-LevelSequenceEditor.dll (API version 3709383).
LogModuleManager: Display: Found up-to-date module file ../../../Engine/Plugins/MovieScene/MatineeToLevelSequence/Binaries/Win64/UE4Editor-MatineeToLevelSequence.dll (API version 3709383).
LogModuleManager: Display: Found up-to-date module file ../../../Engine/Plugins/Online/OnlineSubsystem/Binaries/Win64/UE4Editor-OnlineSubsystem.dll (API version 3709383).
LogModuleManager: Display: Found up-to-date module file ../../../Engine/Plugins/Online/OnlineSubsystemNull/Binaries/Win64/UE4Editor-OnlineSubsystemNull.dll (API version 3709383).
LogModuleManager: Display: Found up-to-date module file ../../../Engine/Plugins/Online/OnlineSubsystemUtils/Binaries/Win64/UE4Editor-OnlineSubsystemUtils.dll (API version 3709383).
LogModuleManager: Display: Found up-to-date module file ../../../Engine/Plugins/Online/OnlineSubsystemUtils/Binaries/Win64/UE4Editor-OnlineBlueprintSupport.dll (API version 3709383).
LogModuleManager: Display: Found up-to-date module file ../../../Engine/Plugins/Runtime/AndroidDeviceProfileSelector/Binaries/Win64/UE4Editor-AndroidDeviceProfileSelector.dll (API version 3709383).
LogModuleManager: Display: Found up-to-date module file ../../../Engine/Plugins/Runtime/AndroidPermission/Binaries/Win64/UE4Editor-AndroidPermission.dll (API version 3709383).
LogModuleManager: Display: Found up-to-date module file ../../../Engine/Plugins/Runtime/AppleARKit/Binaries/Win64/UE4Editor-AppleARKit.dll (API version 3709383).
LogModuleManager: Display: Found up-to-date module file ../../../Engine/Plugins/Runtime/ArchVisCharacter/Binaries/Win64/UE4Editor-ArchVisCharacter.dll (API version 3709383).
LogModuleManager: Display: Found up-to-date module file ../../../Engine/Plugins/Runtime/CableComponent/Binaries/Win64/UE4Editor-CableComponent.dll (API version 3709383).
LogModuleManager: Display: Found up-to-date module file ../../../Engine/Plugins/Runtime/CustomMeshComponent/Binaries/Win64/UE4Editor-CustomMeshComponent.dll (API version 3709383).
LogModuleManager: Display: Found up-to-date module file ../../../Engine/Plugins/Runtime/ExampleDeviceProfileSelector/Binaries/Win64/UE4Editor-ExampleDeviceProfileSelector.dll (API version 3709383).
LogModuleManager: Display: Found up-to-date module file ../../../Engine/Plugins/Runtime/ImmediatePhysics/Binaries/Win64/UE4Editor-ImmediatePhysics.dll (API version 3709383).
LogModuleManager: Display: Found up-to-date module file ../../../Engine/Plugins/Runtime/ImmediatePhysics/Binaries/Win64/UE4Editor-ImmediatePhysicsEditor.dll (API version 3709383).
LogModuleManager: Display: Found up-to-date module file ../../../Engine/Plugins/Runtime/LocationServicesBPLibrary/Binaries/Win64/UE4Editor-LocationServicesBPLibrary.dll (API version 3709383).
LogModuleManager: Display: Found up-to-date module file ../../../Engine/Plugins/Runtime/MobilePatchingUtils/Binaries/Win64/UE4Editor-MobilePatchingUtils.dll (API version 3709383).
LogModuleManager: Display: Found up-to-date module file ../../../Engine/Plugins/Runtime/Oculus/OculusVR/Binaries/Win64/UE4Editor-OculusHMD.dll (API version 3709383).
LogModuleManager: Display: Found up-to-date module file ../../../Engine/Plugins/Runtime/Oculus/OculusVR/Binaries/Win64/UE4Editor-OculusInput.dll (API version 3709383).
LogModuleManager: Display: Found up-to-date module file ../../../Engine/Plugins/Runtime/Oculus/OculusVR/Binaries/Win64/UE4Editor-OculusEditor.dll (API version 3709383).
LogModuleManager: Display: Found up-to-date module file ../../../Engine/Plugins/Runtime/PhysXVehicles/Binaries/Win64/UE4Editor-PhysXVehicles.dll (API version 3709383).
LogModuleManager: Display: Found up-to-date module file ../../../Engine/Plugins/Runtime/PhysXVehicles/Binaries/Win64/UE4Editor-PhysXVehiclesEditor.dll (API version 3709383).
LogModuleManager: Display: Found up-to-date module file ../../../Engine/Plugins/Runtime/ProceduralMeshComponent/Binaries/Win64/UE4Editor-ProceduralMeshComponent.dll (API version 3709383).
LogModuleManager: Display: Found up-to-date module file ../../../Engine/Plugins/Runtime/ProceduralMeshComponent/Binaries/Win64/UE4Editor-ProceduralMeshComponentEditor.dll (API version 3709383).
LogModuleManager: Display: Found up-to-date module file ../../../Engine/Plugins/Runtime/RuntimePhysXCooking/Binaries/Win64/UE4Editor-RuntimePhysXCooking.dll (API version 3709383).
LogModuleManager: Display: Found up-to-date module file ../../../Engine/Plugins/Runtime/Steam/SteamVR/Binaries/Win64/UE4Editor-SteamVR.dll (API version 3709383).
LogModuleManager: Display: Found up-to-date module file ../../../Engine/Plugins/Runtime/Steam/SteamVR/Binaries/Win64/UE4Editor-SteamVRController.dll (API version 3709383).
LogModuleManager: Display: Found up-to-date module file ../../../Engine/Plugins/Runtime/WindowsMoviePlayer/Binaries/Win64/UE4Editor-WindowsMoviePlayer.dll (API version 3709383).
LogInit: Using libcurl 7.47.1
LogInit:  - built for x86_64-pc-win32
LogInit:  - supports SSL with OpenSSL/1.0.2g
LogInit:  - supports HTTP deflate (compression) using libz 1.2.8
LogInit:  - other features:
LogInit:      CURL_VERSION_SSL
LogInit:      CURL_VERSION_LIBZ
LogInit:      CURL_VERSION_IPV6
LogInit:      CURL_VERSION_ASYNCHDNS
LogInit:      CURL_VERSION_LARGEFILE
LogInit:      CURL_VERSION_IDN
LogInit:  CurlRequestOptions (configurable via config and command line):
LogInit:  - bVerifyPeer = false  - Libcurl will NOT verify peer certificate
LogInit:  - bUseHttpProxy = false  - Libcurl will NOT use HTTP proxy
LogInit:  - bDontReuseConnections = false  - Libcurl will reuse connections
LogInit:  - CertBundlePath = nullptr  - Libcurl will use whatever was configured at build time.
LogInit: Build: ++UE4+Release-4.18-CL-3832480
LogInit: Engine Version: 4.18.3-3832480+++UE4+Release-4.18
LogInit: Compatible Engine Version: 4.18.0-3709383+++UE4+Release-4.18
LogInit: Net CL: 3709383
LogDevObjectVersion: Number of dev versions registered: 16
LogDevObjectVersion:   Dev-Blueprints (B0D832E4-1F89-4F0D-ACCF-7EB736FD4AA2): 10
LogDevObjectVersion:   Dev-Build (E1C64328-A22C-4D53-A36C-8E866417BD8C): 0
LogDevObjectVersion:   Dev-Core (375EC13C-06E4-48FB-B500-84F0262A717E): 2
LogDevObjectVersion:   Dev-Editor (E4B068ED-F494-42E9-A231-DA0B2E46BB41): 20
LogDevObjectVersion:   Dev-Framework (CFFC743F-43B0-4480-9391-14DF171D2073): 30
LogDevObjectVersion:   Dev-Mobile (B02B49B5-BB20-44E9-A304-32B752E40360): 0
LogDevObjectVersion:   Dev-Networking (A4E4105C-59A1-49B5-A7C5-40C4547EDFEE): 0
LogDevObjectVersion:   Dev-Online (39C831C9-5AE6-47DC-9A44-9C173E1C8E7C): 0
LogDevObjectVersion:   Dev-Physics (78F01B33-EBEA-4F98-B9B4-84EACCB95AA2): 0
LogDevObjectVersion:   Dev-Platform (6631380F-2D4D-43E0-8009-CF276956A95A): 0
LogDevObjectVersion:   Dev-Rendering (12F88B9F-8875-4AFC-A67C-D90C383ABD29): 20
LogDevObjectVersion:   Dev-Sequencer (7B5AE74C-D270-4C10-A958-57980B212A5A): 4
LogDevObjectVersion:   Dev-VR (D7296918-1DD6-4BDD-9DE2-64A83CC13884): 0
LogDevObjectVersion:   Dev-LoadTimes (C2A15278-BFE7-4AFE-6C17-90FF531DF755): 1
LogDevObjectVersion:   Private-Geometry (6EACA3D4-40EC-4CC1-B786-8BED09428FC5): 1
LogDevObjectVersion:   Dev-AnimPhys (29E575DD-E0A3-4627-9D10-D276232CDCEA): 12
LogInit: Compiled (64-bit): Jan 12 2018 02:04:55
LogInit: Compiled with Visual C++: 19.00.24215.01
LogInit: Build Configuration: DebugGame
LogInit: Branch Name: ++UE4+Release-4.18
LogInit: Command line:  -skipcompile -debug
LogInit: Base directory: C:/Epic Games/UE_4.18/Engine/Binaries/Win64/
LogInit: Installed Engine Build: 1
LogInit: Presizing for max 8388607 objects, including 0 objects not considered by GC, pre-allocating 0 bytes for permanent pool.
LogInit: Object subsystem initialized
[2018.03.09-12.40.51:312][  0]LogInit: Selected Device Profile: [Windows]
[2018.03.09-12.40.51:312][  0]LogInit: Applying CVar settings loaded from the selected device profile: [Windows]
[2018.03.09-12.40.51:339][  0]LogInit: Computer: PALCRAFT-PC
[2018.03.09-12.40.51:339][  0]LogInit: User: Palcraft
[2018.03.09-12.40.51:339][  0]LogInit: CPU Page size=4096, Cores=4
[2018.03.09-12.40.51:339][  0]LogInit: High frequency timer resolution =1.945311 MHz
[2018.03.09-12.40.51:340][  0]LogMemory: Memory total: Physical=15.8GB (16GB approx)
[2018.03.09-12.40.51:340][  0]LogMemory: Platform Memory Stats for Windows
[2018.03.09-12.40.51:340][  0]LogMemory: Process Physical Memory: 276.43 MB used, 276.43 MB peak
[2018.03.09-12.40.51:340][  0]LogMemory: Process Virtual Memory: 269.79 MB used, 269.79 MB peak
[2018.03.09-12.40.51:340][  0]LogMemory: Physical Memory: 7765.86 MB used,  8451.92 MB free, 16217.77 MB total
[2018.03.09-12.40.51:340][  0]LogMemory: Virtual Memory: 678.13 MB used,  8451.92 MB free, 134217728.00 MB total
[2018.03.09-12.40.51:893][  0]LogInit: Using OS detected language (de-DE).
[2018.03.09-12.40.51:893][  0]LogInit: Using OS detected locale (de-DE).
[2018.03.09-12.40.51:898][  0]LogTextLocalizationManager: No localization for 'de-DE' exists, so 'en' will be used for the language.
[2018.03.09-12.40.51:898][  0]LogTextLocalizationManager: No localization for 'de-DE' exists, so 'en' will be used for the locale.
[2018.03.09-12.40.52:617][  0]LogInit: Setting process to per monitor DPI aware
[2018.03.09-12.40.53:123][  0]LogD3D11RHI: D3D11 adapters:
[2018.03.09-12.40.53:300][  0]LogD3D11RHI:    0. 'NVIDIA GeForce 940MX' (Feature Level 11_0)
[2018.03.09-12.40.53:301][  0]LogD3D11RHI:       4065/0/8108 MB DedicatedVideo/DedicatedSystem/SharedSystem, Outputs:1, VendorId:0x10de
[2018.03.09-12.40.53:334][  0]LogD3D11RHI:    1. 'Intel(R) UHD Graphics 620' (Feature Level 11_0)
[2018.03.09-12.40.53:334][  0]LogD3D11RHI:       128/0/8108 MB DedicatedVideo/DedicatedSystem/SharedSystem, Outputs:0, VendorId:0x8086
[2018.03.09-12.40.53:352][  0]LogD3D11RHI:    2. 'Microsoft Basic Render Driver' (Feature Level 11_0)
[2018.03.09-12.40.53:352][  0]LogD3D11RHI:       0/0/8108 MB DedicatedVideo/DedicatedSystem/SharedSystem, Outputs:0, VendorId:0x1414
[2018.03.09-12.40.53:352][  0]LogD3D11RHI: Chosen D3D11 Adapter: 0
[2018.03.09-12.40.53:362][  0]LogD3D11RHI: Creating new Direct3DDevice
[2018.03.09-12.40.53:362][  0]LogD3D11RHI:     GPU DeviceId: 0x134d (for the marketing name, search the web for "GPU Device Id")
[2018.03.09-12.40.53:362][  0]LogWindows: EnumDisplayDevices:
[2018.03.09-12.40.53:362][  0]LogWindows:    0. 'Intel(R) UHD Graphics 620' (P:1 D:1)
[2018.03.09-12.40.53:363][  0]LogWindows:    1. 'Intel(R) UHD Graphics 620' (P:0 D:0)
[2018.03.09-12.40.53:363][  0]LogWindows:    2. 'Intel(R) UHD Graphics 620' (P:0 D:0)
[2018.03.09-12.40.53:364][  0]LogWindows: DebugString: GetVideoDriverDetailsInvalid PrimaryIsNotTheChoosenAdapter GetVideoDriverDetailsInvalid PrimaryIsNotTheChoosenAdapter GetVideoDriverDetailsInvalid PrimaryIsNotTheChoosenAdapter FoundDriverCount:0 
[2018.03.09-12.40.53:364][  0]LogD3D11RHI:     Adapter Name: NVIDIA GeForce 940MX
[2018.03.09-12.40.53:364][  0]LogD3D11RHI:   Driver Version: Unknown (internal:Unknown, unified:Unknown)
[2018.03.09-12.40.53:364][  0]LogD3D11RHI:      Driver Date: Unknown
[2018.03.09-12.40.53:364][  0]LogRHI: Texture pool is 2846 MB (70% of 4065 MB)
[2018.03.09-12.40.53:408][  0]LogD3D11RHI: Async texture creation enabled
[2018.03.09-12.40.53:425][  0]LogD3D11RHI: GPU Timing Frequency: 1000.000000 (Debug: 2 1)
[2018.03.09-12.40.53:426][  0]LogShaderCompilers: Guid format shader working directory is 13 characters bigger than the processId version (../../../../../Projects/UECollisions/Intermediate/Shaders/WorkingDirectory/2008/).
[2018.03.09-12.40.53:427][  0]LogShaderCompilers: Cleaned the shader compiler working directory 'C:/Users/Palcraft/AppData/Local/Temp/UnrealShaderWorkingDir/94A02C3747356434543B6D8163FE359F/'.
[2018.03.09-12.40.53:427][  0]LogShaderCompilers: Display: Using Local Shader Compiler.
[2018.03.09-12.40.55:086][  0]LogTemp: Display: Loaded TP AllDesktopTargetPlatform
[2018.03.09-12.40.55:180][  0]LogTemp: Display: Loaded TP MacClientTargetPlatform
[2018.03.09-12.40.55:284][  0]LogTemp: Display: Loaded TP MacNoEditorTargetPlatform
[2018.03.09-12.40.55:375][  0]LogTemp: Display: Loaded TP MacServerTargetPlatform
[2018.03.09-12.40.55:480][  0]LogTemp: Display: Loaded TP MacTargetPlatform
[2018.03.09-12.40.55:574][  0]LogTemp: Display: Loaded TP WindowsClientTargetPlatform
[2018.03.09-12.40.55:674][  0]LogTemp: Display: Loaded TP WindowsNoEditorTargetPlatform
[2018.03.09-12.40.55:766][  0]LogTemp: Display: Loaded TP WindowsServerTargetPlatform
[2018.03.09-12.40.55:848][  0]LogTemp: Display: Loaded TP WindowsTargetPlatform
[2018.03.09-12.40.55:931][  0]LogTemp: Display: Loaded TP Android_ASTCTargetPlatform
[2018.03.09-12.40.56:022][  0]LogTemp: Display: Loaded TP Android_ATCTargetPlatform
[2018.03.09-12.40.56:115][  0]LogTemp: Display: Loaded TP Android_DXTTargetPlatform
[2018.03.09-12.40.56:204][  0]LogTemp: Display: Loaded TP Android_ETC1TargetPlatform
[2018.03.09-12.40.56:309][  0]LogTemp: Display: Loaded TP Android_ETC2TargetPlatform
[2018.03.09-12.40.56:496][  0]LogTemp: Display: Loaded TP Android_MultiTargetPlatform
[2018.03.09-12.40.56:497][  0]LogTemp: Display: Loaded TP Android_PVRTCTargetPlatform
[2018.03.09-12.40.56:583][  0]LogTemp: Display: Loaded TP AndroidTargetPlatform
[2018.03.09-12.40.56:655][  0]LogTemp: Display: Loaded TP HTML5TargetPlatform
[2018.03.09-12.40.56:807][  0]LogTemp: Display: Loaded TP IOSTargetPlatform
[2018.03.09-12.40.56:865][  0]LogTemp: Display: Loaded TP TVOSTargetPlatform
[2018.03.09-12.40.56:951][  0]LogTemp: Display: Loaded TP LinuxClientTargetPlatform
[2018.03.09-12.40.57:044][  0]LogTemp: Display: Loaded TP LinuxNoEditorTargetPlatform
[2018.03.09-12.40.57:134][  0]LogTemp: Display: Loaded TP LinuxServerTargetPlatform
[2018.03.09-12.40.57:225][  0]LogTemp: Display: Loaded TP LinuxTargetPlatform
[2018.03.09-12.40.57:226][  0]LogTargetPlatformManager: Display: Building Assets For Windows
[2018.03.09-12.40.58:217][  0]LogDerivedDataCache: Display: Max Cache Size: 512 MB
[2018.03.09-12.40.58:319][  0]LogDerivedDataCache: Loaded boot cache 0.10s 78MB C:/Users/Palcraft/AppData/Local/UnrealEngine/4.18/DerivedDataCache/Boot.ddc.
[2018.03.09-12.40.58:320][  0]LogDerivedDataCache: Display: Loaded Boot cache: C:/Users/Palcraft/AppData/Local/UnrealEngine/4.18/DerivedDataCache/Boot.ddc
[2018.03.09-12.40.58:320][  0]LogDerivedDataCache: FDerivedDataBackendGraph:  Pak pak cache file ../../../../../Projects/UECollisions/DerivedDataCache/DDC.ddp not found, will not use a pak cache.
[2018.03.09-12.40.58:320][  0]LogDerivedDataCache: Unable to find inner node Pak for hierarchical cache Hierarchy.
[2018.03.09-12.40.58:320][  0]LogDerivedDataCache: FDerivedDataBackendGraph:  CompressedPak pak cache file ../../../../../Projects/UECollisions/DerivedDataCache/Compressed.ddp not found, will not use a pak cache.
[2018.03.09-12.40.58:320][  0]LogDerivedDataCache: Unable to find inner node CompressedPak for hierarchical cache Hierarchy.
[2018.03.09-12.40.58:349][  0]LogDerivedDataCache: Display: Pak cache opened for reading ../../../Engine/DerivedDataCache/Compressed.ddp.
[2018.03.09-12.40.58:364][  0]LogDerivedDataCache: Using Local data cache path C:/Users/Palcraft/AppData/Local/UnrealEngine/Common/DerivedDataCache: Writable
[2018.03.09-12.40.58:381][  0]LogMaterial: Verifying Global Shaders for PCD3D_SM5
[2018.03.09-12.40.58:382][  0]LogSlate: Using Freetype 2.6.0
[2018.03.09-12.40.58:383][  0]LogSlate: SlateFontCache - WITH_FREETYPE: 1, WITH_HARFBUZZ: 1
[2018.03.09-12.40.58:383][  0]LogSlate: SlateFontCache - WITH_FREETYPE: 1, WITH_HARFBUZZ: 1
[2018.03.09-12.40.58:986][  0]LogInit: Selected Device Profile: [Windows]
[2018.03.09-12.40.59:603][  0]LogSimplygon: Simplygon DLL not present - disabling.
[2018.03.09-12.40.59:676][  0]LogMeshReduction: Using SimplygonSwarm for distributed automatic mesh merging
[2018.03.09-12.40.59:676][  0]LogMeshReduction: Using QuadricMeshReduction for automatic static mesh reduction
[2018.03.09-12.40.59:676][  0]LogMeshReduction: No automatic skeletal mesh reduction module available
[2018.03.09-12.40.59:676][  0]LogMeshReduction: No automatic mesh merging module available
[2018.03.09-12.40.59:676][  0]LogMeshMerging: No automatic mesh merging module available
[2018.03.09-12.40.59:728][  0]LogNetVersion: UECollisions , NetCL: 3709383, EngineNetVer: 2, GameNetVer: 0 (Checksum: 1857078133)
[2018.03.09-12.40.59:995][  0]LogAssetRegistry: FAssetRegistry took 0.0322 seconds to start up
[2018.03.09-12.41.00:928][  0]LogPackageLocalizationCache: Processed 7 localized package path(s) for 1 prioritized culture(s) in 0.058937 seconds
[2018.03.09-12.41.00:937][  0]LogUObjectArray: 35870 objects as part of root set at end of initial load.
[2018.03.09-12.41.00:937][  0]LogUObjectAllocator: 7363696 out of 0 bytes used by permanent object pool.
[2018.03.09-12.41.00:937][  0]LogUObjectArray: CloseDisregardForGC: 0/0 objects in disregard for GC pool
[2018.03.09-12.41.01:055][  0]LogInit: WinSock: version 1.1 (2.2), MaxSocks=32767, MaxUdp=65467
[2018.03.09-12.41.05:947][  0]LogTcpMessaging: Initializing TcpMessaging bridge
[2018.03.09-12.41.06:019][  0]LogUdpMessaging: Initializing bridge on interface 0.0.0.0:0 to multicast group 230.0.0.1:6666.
[2018.03.09-12.41.07:464][  0]LogMaterial: Uniform references updated for custom material expression Custom.
[2018.03.09-12.41.08:225][  0]SourceControl: Source control is disabled
[2018.03.09-12.41.08:225][  0]SourceControl: Source control is disabled
[2018.03.09-12.41.08:326][  0]SourceControl: Source control is disabled
[2018.03.09-12.41.08:420][  0]SourceControl: Source control is disabled
[2018.03.09-12.41.10:042][  0]LogAndroidPermission: UAndroidPermissionCallbackProxy::GetInstance
[2018.03.09-12.41.10:543][  0]LogOcInput: OculusInput pre-init called
[2018.03.09-12.41.11:023][  0]LogEngine: Initializing Engine...
[2018.03.09-12.41.11:027][  0]LogHMD: Failed to initialize OpenVR with code 110
[2018.03.09-12.41.11:364][  0]LogStats: UGameplayTagsManager::ConstructGameplayTagTree: Construct from data asset -  0.000 s
[2018.03.09-12.41.11:364][  0]LogStats: UGameplayTagsManager::ConstructGameplayTagTree: GameplayTagTreeChangedEvent.Broadcast -  0.000 s
[2018.03.09-12.41.11:584][  0]LogAIModule: Creating AISystem for world Untitled
[2018.03.09-12.41.11:614][  0]LogInit: XAudio2 using 'Speakers (Realtek(R) Audio)' : 2 channels at 48 kHz using 32 bits per sample (channel mask 0x3)
[2018.03.09-12.41.11:729][  0]LogInit: FAudioDevice initialized.
[2018.03.09-12.41.11:838][  0]LogDerivedDataCache: Saved boot cache 0.11s 78MB C:/Users/Palcraft/AppData/Local/UnrealEngine/4.18/DerivedDataCache/Boot.ddc.
[2018.03.09-12.41.11:859][  0]LogInit: Texture streaming: Enabled
[2018.03.09-12.41.12:048][  0]LogEngineSessionManager: EngineSessionManager initialized
[2018.03.09-12.41.12:273][  0]LogInit: Transaction tracking system initialized
[2018.03.09-12.41.12:827][  0]BlueprintLog: New page: Editor Load
[2018.03.09-12.41.14:509][  0]LocalizationService: Localization service is disabled
[2018.03.09-12.41.16:365][  0]LogConsoleResponse: Display: 
[2018.03.09-12.41.16:697][  0]LogCook: Display: Max memory allowance for cook 16384mb min free memory 0mb
[2018.03.09-12.41.16:697][  0]LogCook: Display: Mobile HDR setting 1
[2018.03.09-12.41.16:697][  0]LogGameplayTags: Display: UGameplayTagsManager::DoneAddingNativeTags. DelegateIsBound: 0
[2018.03.09-12.41.17:597][  0]LogFileCache: Scanning file cache for directory 'C:/Projects/UECollisions/Content/' took 0.02s
[2018.03.09-12.41.18:986][  0]SourceControl: Source control is disabled
[2018.03.09-12.41.18:986][  0]Cmd: MAP LOAD FILE="../../../../../Projects/UECollisions/Content/VehicleCPP/Maps/VehicleExampleMap.umap" TEMPLATE=0 SHOWPROGRESS=1 FEATURELEVEL=3
[2018.03.09-12.41.18:987][  0]LightingResults: New page: Lighting Build
[2018.03.09-12.41.19:056][  0]MapCheck: New page: Map Check
[2018.03.09-12.41.19:056][  0]LightingResults: New page: Lighting Build
[2018.03.09-12.41.19:469][  0]LogAIModule: Creating AISystem for world VehicleExampleMap
[2018.03.09-12.41.19:490][  0]LogEditorServer: Finished looking for orphan Actors (0.000 secs)
[2018.03.09-12.41.19:524][  0]Cmd: MAP CHECKDEP NOCLEARLOG
[2018.03.09-12.41.19:614][  0]MapCheck: Map check complete: 0 Error(s), 0 Warning(s), took 89.901ms to complete.
[2018.03.09-12.41.19:614][  0]LogFileHelpers: Loading map 'VehicleExampleMap' took 0.628
[2018.03.09-12.41.19:692][  0]LogWindowsTextInputMethodSystem: Display: IME system now deactivated.
[2018.03.09-12.41.19:870][  0]LogCollectionManager: Loaded 0 collections in 0.003594 seconds
[2018.03.09-12.41.19:993][  0]LogFileCache: Scanning file cache for directory 'C:/Projects/UECollisions/Saved/Collections/' took 0.01s
[2018.03.09-12.41.19:993][  0]LogFileCache: Scanning file cache for directory 'C:/Projects/UECollisions/Content/Developers/Palcraft/Collections/' took 0.01s
[2018.03.09-12.41.19:993][  0]LogFileCache: Scanning file cache for directory 'C:/Projects/UECollisions/Content/Collections/' took 0.01s
[2018.03.09-12.41.19:993][  0]LogCollectionManager: Rebuilt the GUID cache for 0 collections in 0.000001 seconds
[2018.03.09-12.41.20:008][  0]LogContentBrowser: Native class hierarchy populated in 0.0143 seconds. Added 2370 classes and 524 folders.
[2018.03.09-12.41.20:130][  0]LogContentBrowser: Native class hierarchy updated for 'WidgetCarousel' in 0.0010 seconds. Added 0 classes and 0 folders.
[2018.03.09-12.41.20:199][  0]LogContentBrowser: Native class hierarchy updated for 'AddContentDialog' in 0.0011 seconds. Added 0 classes and 0 folders.
[2018.03.09-12.41.20:288][  0]LogContentBrowser: Native class hierarchy updated for 'SceneOutliner' in 0.0015 seconds. Added 1 classes and 2 folders.
[2018.03.09-12.41.20:359][  0]LogSlate: Took 0.000344 seconds to synchronously load lazily loaded font '../../../Engine/Content/Slate/Fonts/Roboto-Regular.ttf' (155K)
[2018.03.09-12.41.20:364][  0]LogSlate: Took 0.000295 seconds to synchronously load lazily loaded font '../../../Engine/Content/Slate/Fonts/Roboto-Bold.ttf' (160K)
[2018.03.09-12.41.20:373][  0]LogSlate: Took 0.000332 seconds to synchronously load lazily loaded font '../../../Engine/Content/Editor/Slate/Fonts/FontAwesome.ttf' (139K)
[2018.03.09-12.41.20:565][  0]LogRenderer: Reallocating scene render targets to support 972x500 Format 9 NumSamples 1 (Frame:1).
[2018.03.09-12.41.20:918][  0]LogContentBrowser: Native class hierarchy updated for 'HierarchicalLODOutliner' in 0.0011 seconds. Added 1 classes and 2 folders.
[2018.03.09-12.41.20:918][  0]LogLoad: (Engine Initialization) Total time: 34.56 seconds
[2018.03.09-12.41.20:918][  0]LogLoad: (Engine Initialization) Total Blueprint compile time: 0.00 seconds
[2018.03.09-12.41.20:918][  0]LogExternalProfiler: No external profilers were discovered.  External profiling features will not be available.
[2018.03.09-12.41.20:945][  0]LogRawInputWindows: Warning: Found device 0 devices
[2018.03.09-12.41.20:945][  0]LogRawInputWindows: Warning: Found device 0 devices
[2018.03.09-12.41.20:945][  0]LogRawInputWindows: Warning: Device was registered succesfully but not connected (Usage:4 UsagePage:1)
[2018.03.09-12.41.20:947][  0]LogRawInputWindows: Warning: Found device 1 devices
[2018.03.09-12.41.20:947][  0]LogRawInputWindows: Warning: Device was registered succesfully but not connected (Usage:5 UsagePage:1)
[2018.03.09-12.41.20:969][  0]LogContentStreaming: Texture pool size now 600 MB
[2018.03.09-12.41.21:025][  0]LogSlate: Took 0.000262 seconds to synchronously load lazily loaded font '../../../Engine/Content/Slate/Fonts/Roboto-Light.ttf' (159K)
[2018.03.09-12.41.21:051][  1]LogAssetRegistry: Asset discovery search completed in 21.0812 seconds
[2018.03.09-12.41.21:054][  1]LogCollectionManager: Rebuilt the object cache for 0 collections in 0.000001 seconds (found 0 objects)
[2018.03.09-12.41.21:054][  1]LogCollectionManager: Fixed up redirectors for 0 collections in 0.000145 seconds (updated 0 objects)
[2018.03.09-12.41.28:249][392]LogWindowsTextInputMethodSystem: Display: IME system now deactivated.
[2018.03.09-12.41.28:253][392]LogWindowsTextInputMethodSystem: Display: IME system now deactivated.
[2018.03.09-12.41.28:521][393]Cmd: QUIT_EDITOR
[2018.03.09-12.41.28:560][393]LogExit: Preparing to exit.
[2018.03.09-12.41.29:631][393]LogDirectoryWatcher: A directory notification for 'C:/Projects/UECollisions/Content/' was aborted.
[2018.03.09-12.41.29:687][393]LogExit: Editor shut down
[2018.03.09-12.41.29:690][393]LogExit: Transaction tracking system shut down
[2018.03.09-12.41.29:883][393]LogDirectoryWatcher: A directory notification for '../../../Engine/Content/' was aborted.
[2018.03.09-12.41.29:883][393]LogDirectoryWatcher: A directory notification for '../../../../../Projects/UECollisions/Content/' was aborted.
[2018.03.09-12.41.29:883][393]LogDirectoryWatcher: A directory notification for '../../../Engine/Plugins/2D/Paper2D/Content/' was aborted.
[2018.03.09-12.41.29:883][393]LogDirectoryWatcher: A directory notification for '../../../Engine/Plugins/Media/MediaCompositing/Content/' was aborted.
[2018.03.09-12.41.29:884][393]LogDirectoryWatcher: A directory notification for '../../../Engine/Plugins/Runtime/AppleARKit/Content/' was aborted.
[2018.03.09-12.41.29:884][393]LogDirectoryWatcher: A directory notification for '../../../Engine/Plugins/Runtime/Oculus/OculusVR/Content/' was aborted.
[2018.03.09-12.41.29:884][393]LogDirectoryWatcher: A directory notification for '../../../Engine/Plugins/Runtime/Steam/SteamVR/Content/' was aborted.
[2018.03.09-12.41.29:955][393]LogExit: Object subsystem successfully closed.
[2018.03.09-12.41.29:993][393]LogD3D11RHI: Shutdown
[2018.03.09-12.41.29:994][393]LogD3D11RHI: CleanupD3DDevice
[2018.03.09-12.41.29:996][393]LogD3D11RHI: ~FD3D11DynamicRHI
[2018.03.09-12.41.30:022][393]LogModuleManager: Shutting down and abandoning module HierarchicalLODOutliner (552)
[2018.03.09-12.41.30:022][393]LogModuleManager: Shutting down and abandoning module DesktopPlatform (550)
[2018.03.09-12.41.30:023][393]LogModuleManager: Shutting down and abandoning module SceneOutliner (548)
[2018.03.09-12.41.30:023][393]LogModuleManager: Shutting down and abandoning module AddContentDialog (546)
[2018.03.09-12.41.30:023][393]LogDirectoryWatcher: A directory notification for 'C:/Epic Games/UE_4.18/FeaturePacks/' was aborted.
[2018.03.09-12.41.30:024][393]LogModuleManager: Shutting down and abandoning module WidgetCarousel (545)
[2018.03.09-12.41.30:024][393]LogModuleManager: Shutting down and abandoning module EditorWidgets (542)
[2018.03.09-12.41.30:024][393]LogModuleManager: Shutting down and abandoning module CollectionManager (540)
[2018.03.09-12.41.30:024][393]LogDirectoryWatcher: A directory notification for 'C:/Projects/UECollisions/Content/Collections/' was aborted.
[2018.03.09-12.41.30:024][393]LogDirectoryWatcher: A directory notification for 'C:/Projects/UECollisions/Content/Developers/Palcraft/Collections/' was aborted.
[2018.03.09-12.41.30:025][393]LogDirectoryWatcher: A directory notification for 'C:/Projects/UECollisions/Saved/Collections/' was aborted.
[2018.03.09-12.41.30:025][393]LogModuleManager: Shutting down and abandoning module StatsViewer (538)
[2018.03.09-12.41.30:025][393]LogModuleManager: Shutting down and abandoning module FoliageEdit (536)
[2018.03.09-12.41.30:025][393]LogModuleManager: Shutting down and abandoning module LandscapeEditor (534)
[2018.03.09-12.41.30:025][393]LogModuleManager: Shutting down and abandoning module MeshPaintMode (532)
[2018.03.09-12.41.30:025][393]LogModuleManager: Shutting down and abandoning module SceneDepthPickerMode (530)
[2018.03.09-12.41.30:026][393]LogModuleManager: Shutting down and abandoning module ActorPickerMode (528)
[2018.03.09-12.41.30:026][393]LogModuleManager: Shutting down and abandoning module GeometryMode (526)
[2018.03.09-12.41.30:026][393]LogModuleManager: Shutting down and abandoning module TextureAlignMode (524)
[2018.03.09-12.41.30:026][393]LogModuleManager: Shutting down and abandoning module BspMode (522)
[2018.03.09-12.41.30:026][393]LogModuleManager: Shutting down and abandoning module PIEPreviewDeviceProfileSelector (520)
[2018.03.09-12.41.30:026][393]LogModuleManager: Shutting down and abandoning module HardwareSurvey (518)
[2018.03.09-12.41.30:026][393]LogModuleManager: Shutting down and abandoning module SequenceRecorderSections (516)
[2018.03.09-12.41.30:026][393]LogModuleManager: Shutting down and abandoning module AutomationWorker (514)
[2018.03.09-12.41.30:026][393]LogModuleManager: Shutting down and abandoning module MatineeToLevelSequence (512)
[2018.03.09-12.41.30:026][393]LogModuleManager: Shutting down and abandoning module LevelSequenceEditor (510)
[2018.03.09-12.41.30:027][393]LogModuleManager: Shutting down and abandoning module PlacementMode (509)
[2018.03.09-12.41.30:027][393]LogModuleManager: Shutting down and abandoning module WmfMediaFactory (506)
[2018.03.09-12.41.30:027][393]LogModuleManager: Shutting down and abandoning module WmfMediaEditor (504)
[2018.03.09-12.41.30:027][393]LogModuleManager: Shutting down and abandoning module OpenExrWrapper (502)
[2018.03.09-12.41.30:027][393]LogModuleManager: Shutting down and abandoning module ImgMediaFactory (500)
[2018.03.09-12.41.30:027][393]LogModuleManager: Shutting down and abandoning module ImgMediaEditor (498)
[2018.03.09-12.41.30:027][393]LogModuleManager: Shutting down and abandoning module AvfMediaFactory (496)
[2018.03.09-12.41.30:027][393]LogModuleManager: Shutting down and abandoning module AvfMediaEditor (494)
[2018.03.09-12.41.30:027][393]LogModuleManager: Shutting down and abandoning module AndroidMediaFactory (492)
[2018.03.09-12.41.30:028][393]LogModuleManager: Shutting down and abandoning module AndroidMediaEditor (490)
[2018.03.09-12.41.30:028][393]LogModuleManager: Shutting down and abandoning module CharacterAI (488)
[2018.03.09-12.41.30:028][393]LogModuleManager: Shutting down and abandoning module AudioCapture (486)
[2018.03.09-12.41.30:028][393]LogModuleManager: Shutting down and abandoning module SequenceRecorder (485)
[2018.03.09-12.41.30:028][393]LogModuleManager: Shutting down and abandoning module SmartSnapping (482)
[2018.03.09-12.41.30:028][393]LogModuleManager: Shutting down and abandoning module SessionServices (480)
[2018.03.09-12.41.30:028][393]LogModuleManager: Shutting down and abandoning module ViewportSnapping (478)
[2018.03.09-12.41.30:028][393]LogModuleManager: Shutting down and abandoning module ViewportInteraction (476)
[2018.03.09-12.41.30:028][393]LogModuleManager: Shutting down and abandoning module ClothPainter (474)
[2018.03.09-12.41.30:028][393]LogModuleManager: Shutting down and abandoning module SkeletalMeshEditor (473)
[2018.03.09-12.41.30:029][393]LogModuleManager: Shutting down and abandoning module LogVisualizer (470)
[2018.03.09-12.41.30:029][393]LogModuleManager: Shutting down and abandoning module IntroTutorials (468)
[2018.03.09-12.41.30:029][393]LogModuleManager: Shutting down and abandoning module GameProjectGeneration (467)
[2018.03.09-12.41.30:029][393]LogModuleManager: Shutting down and abandoning module IOSPlatformEditor (464)
[2018.03.09-12.41.30:029][393]LogModuleManager: Shutting down and abandoning module HTML5PlatformEditor (462)
[2018.03.09-12.41.30:029][393]LogModuleManager: Shutting down and abandoning module AndroidPlatformEditor (460)
[2018.03.09-12.41.30:029][393]LogModuleManager: Shutting down and abandoning module AndroidDeviceDetection (459)
[2018.03.09-12.41.30:480][393]LogModuleManager: Shutting down and abandoning module WindowsPlatformEditor (456)
[2018.03.09-12.41.30:480][393]LogModuleManager: Shutting down and abandoning module IOSRuntimeSettings (454)
[2018.03.09-12.41.30:480][393]LogModuleManager: Shutting down and abandoning module AndroidRuntimeSettings (452)
[2018.03.09-12.41.30:480][393]LogModuleManager: Shutting down and abandoning module InputBindingEditor (450)
[2018.03.09-12.41.30:480][393]LogModuleManager: Shutting down and abandoning module MergeActors (448)
[2018.03.09-12.41.30:480][393]LogModuleManager: Shutting down and abandoning module SizeMap (446)
[2018.03.09-12.41.30:481][393]LogModuleManager: Shutting down and abandoning module TreeMap (444)
[2018.03.09-12.41.30:481][393]LogModuleManager: Shutting down and abandoning module ReferenceViewer (442)
[2018.03.09-12.41.30:481][393]LogModuleManager: Shutting down and abandoning module LocalizationDashboard (440)
[2018.03.09-12.41.30:481][393]LogModuleManager: Shutting down and abandoning module LocalizationService (439)
[2018.03.09-12.41.30:481][393]LogModuleManager: Shutting down and abandoning module HardwareTargeting (436)
[2018.03.09-12.41.30:481][393]LogModuleManager: Shutting down and abandoning module DeviceProfileEditor (434)
[2018.03.09-12.41.30:481][393]LogModuleManager: Shutting down and abandoning module UndoHistory (432)
[2018.03.09-12.41.30:482][393]LogModuleManager: Shutting down and abandoning module XmlParser (430)
[2018.03.09-12.41.30:482][393]LogModuleManager: Shutting down and abandoning module Blutility (428)
[2018.03.09-12.41.30:482][393]LogModuleManager: Shutting down and abandoning module ProjectSettingsViewer (426)
[2018.03.09-12.41.30:482][393]LogModuleManager: Shutting down and abandoning module ProjectTargetPlatformEditor (425)
[2018.03.09-12.41.30:482][393]LogModuleManager: Shutting down and abandoning module EditorSettingsViewer (422)
[2018.03.09-12.41.30:482][393]LogModuleManager: Shutting down and abandoning module SettingsEditor (420)
[2018.03.09-12.41.30:482][393]LogModuleManager: Shutting down and abandoning module ProjectLauncher (418)
[2018.03.09-12.41.30:483][393]LogModuleManager: Shutting down and abandoning module SessionFrontend (416)
[2018.03.09-12.41.30:483][393]LogModuleManager: Shutting down and abandoning module ProfilerClient (414)
[2018.03.09-12.41.30:483][393]LogModuleManager: Shutting down and abandoning module DeviceManager (412)
[2018.03.09-12.41.30:483][393]LogModuleManager: Shutting down and abandoning module TargetDeviceServices (411)
[2018.03.09-12.41.30:548][393]LogModuleManager: Shutting down and abandoning module AutomationController (408)
[2018.03.09-12.41.30:548][393]LogModuleManager: Shutting down and abandoning module AutomationWindow (406)
[2018.03.09-12.41.30:548][393]LogModuleManager: Shutting down and abandoning module Layers (404)
[2018.03.09-12.41.30:548][393]LogModuleManager: Shutting down and abandoning module ComponentVisualizers (402)
[2018.03.09-12.41.30:548][393]LogModuleManager: Shutting down and abandoning module DetailCustomizations (400)
[2018.03.09-12.41.30:548][393]LogModuleManager: Shutting down and abandoning module PackagesDialog (398)
[2018.03.09-12.41.30:548][393]LogModuleManager: Shutting down and abandoning module Persona (396)
[2018.03.09-12.41.30:549][393]LogModuleManager: Shutting down and abandoning module AdvancedPreviewScene (395)
[2018.03.09-12.41.30:549][393]LogModuleManager: Shutting down and abandoning module AnimGraph (393)
[2018.03.09-12.41.30:549][393]LogModuleManager: Shutting down and abandoning module Kismet (390)
[2018.03.09-12.41.30:550][393]LogModuleManager: Shutting down and abandoning module ClassViewer (388)
[2018.03.09-12.41.30:550][393]LogModuleManager: Shutting down and abandoning module Toolbox (386)
[2018.03.09-12.41.30:550][393]LogModuleManager: Shutting down and abandoning module ModuleUI (384)
[2018.03.09-12.41.30:550][393]LogModuleManager: Shutting down and abandoning module MovieSceneTools (382)
[2018.03.09-12.41.30:550][393]LogModuleManager: Shutting down and abandoning module OutputLog (380)
[2018.03.09-12.41.30:550][393]LogModuleManager: Shutting down and abandoning module GammaUI (378)
[2018.03.09-12.41.30:550][393]LogModuleManager: Shutting down and abandoning module Documentation (376)
[2018.03.09-12.41.30:550][393]LogModuleManager: Shutting down and abandoning module MovieSceneTracks (374)
[2018.03.09-12.41.30:551][393]LogModuleManager: Shutting down and abandoning module MovieScene (372)
[2018.03.09-12.41.30:551][393]LogModuleManager: Shutting down and abandoning module StreamingPauseRendering (370)
[2018.03.09-12.41.30:551][393]LogModuleManager: Shutting down and abandoning module LauncherPlatform (368)
[2018.03.09-12.41.30:551][393]LogModuleManager: Shutting down and abandoning module AnalyticsET (366)
[2018.03.09-12.41.30:551][393]LogModuleManager: Shutting down and abandoning module PortalServices (364)
[2018.03.09-12.41.30:551][393]LogModuleManager: Shutting down and abandoning module PortalRpc (362)
[2018.03.09-12.41.30:551][393]LogModuleManager: Shutting down and abandoning module MessagingRpc (360)
[2018.03.09-12.41.30:551][393]LogModuleManager: Shutting down and abandoning module AIModule (358)
[2018.03.09-12.41.30:552][393]LogModuleManager: Shutting down and abandoning module GameplayDebugger (357)
[2018.03.09-12.41.30:552][393]LogModuleManager: Shutting down and abandoning module AITestSuite (355)
[2018.03.09-12.41.30:552][393]LogModuleManager: Shutting down and abandoning module ProfilerService (352)
[2018.03.09-12.41.30:622][393]LogModuleManager: Shutting down and abandoning module TaskGraph (350)
[2018.03.09-12.41.30:622][393]LogModuleManager: Shutting down and abandoning module SteamVRController (348)
[2018.03.09-12.41.30:622][393]LogModuleManager: Shutting down and abandoning module ProceduralMeshComponentEditor (346)
[2018.03.09-12.41.30:622][393]LogModuleManager: Shutting down and abandoning module ProceduralMeshComponent (344)
[2018.03.09-12.41.30:622][393]LogModuleManager: Shutting down and abandoning module OculusInput (342)
[2018.03.09-12.41.30:623][393]LogModuleManager: Shutting down and abandoning module MobilePatchingUtils (340)
[2018.03.09-12.41.30:623][393]LogModuleManager: Shutting down and abandoning module CustomMeshComponent (338)
[2018.03.09-12.41.30:623][393]LogModuleManager: Shutting down and abandoning module CableComponent (336)
[2018.03.09-12.41.30:623][393]LogModuleManager: Shutting down and abandoning module ArchVisCharacter (334)
[2018.03.09-12.41.30:623][393]LogModuleManager: Shutting down and abandoning module AndroidPermission (332)
[2018.03.09-12.41.30:623][393]LogModuleManager: Shutting down and abandoning module ActorSequence (328)
[2018.03.09-12.41.30:623][393]LogModuleManager: Shutting down and abandoning module MediaPlayerEditor (326)
[2018.03.09-12.41.30:623][393]LogModuleManager: Shutting down and abandoning module MediaCompositingEditor (324)
[2018.03.09-12.41.30:623][393]LogModuleManager: Shutting down and abandoning module MediaCompositing (322)
[2018.03.09-12.41.30:624][393]LogModuleManager: Shutting down and abandoning module RawInput (320)
[2018.03.09-12.41.30:626][393]LogModuleManager: Shutting down and abandoning module HTML5Networking (318)
[2018.03.09-12.41.30:626][393]LogModuleManager: Shutting down and abandoning module AlembicImporter (316)
[2018.03.09-12.41.30:626][393]LogModuleManager: Shutting down and abandoning module AlembicLibrary (315)
[2018.03.09-12.41.30:627][393]LogModuleManager: Shutting down and abandoning module GeometryCache (314)
[2018.03.09-12.41.30:627][393]LogModuleManager: Shutting down and abandoning module GeometryCacheEd (313)
[2018.03.09-12.41.30:627][393]LogModuleManager: Shutting down and abandoning module SpeedTreeImporter (308)
[2018.03.09-12.41.30:627][393]LogModuleManager: Shutting down and abandoning module PluginBrowser (306)
[2018.03.09-12.41.30:627][393]LogModuleManager: Shutting down and abandoning module MobileLauncherProfileWizard (304)
[2018.03.09-12.41.30:627][393]LogModuleManager: Shutting down and abandoning module VisualStudioSourceCodeAccess (302)
[2018.03.09-12.41.30:627][393]LogModuleManager: Shutting down and abandoning module VisualStudioCodeSourceCodeAccess (300)
[2018.03.09-12.41.30:627][393]LogModuleManager: Shutting down and abandoning module UObjectPlugin (298)
[2018.03.09-12.41.30:627][393]LogModuleManager: Shutting down and abandoning module SubversionSourceControl (296)
[2018.03.09-12.41.30:628][393]LogModuleManager: Shutting down and abandoning module PerforceSourceControl (294)
[2018.03.09-12.41.30:628][393]LogModuleManager: Shutting down and abandoning module GitSourceControl (292)
[2018.03.09-12.41.30:628][393]LogModuleManager: Shutting down and abandoning module SourceControl (291)
[2018.03.09-12.41.30:628][393]LogModuleManager: Shutting down and abandoning module LightPropagationVolumeEditor (288)
[2018.03.09-12.41.30:628][393]LogModuleManager: Shutting down and abandoning module PaperTiledImporter (286)
[2018.03.09-12.41.30:628][393]LogModuleManager: Shutting down and abandoning module PaperSpriteSheetImporter (284)
[2018.03.09-12.41.30:628][393]LogModuleManager: Shutting down and abandoning module Paper2DEditor (282)
[2018.03.09-12.41.30:628][393]LogModuleManager: Shutting down and abandoning module MeshPaint (281)
[2018.03.09-12.41.30:629][393]LogModuleManager: Shutting down and abandoning module LevelEditor (279)
[2018.03.09-12.41.30:630][393]LogModuleManager: Shutting down and abandoning module PixelInspectorModule (278)
[2018.03.09-12.41.30:630][393]LogModuleManager: Shutting down and abandoning module MainFrame (276)
[2018.03.09-12.41.30:630][393]LogModuleManager: Shutting down and abandoning module HotReload (275)
[2018.03.09-12.41.30:630][393]LogDirectoryWatcher: A directory notification for 'C:/Projects/UECollisions/Binaries/Win64' was aborted.
[2018.03.09-12.41.30:631][393]LogModuleManager: Shutting down and abandoning module UECollisions (270)
[2018.03.09-12.41.30:631][393]LogModuleManager: Shutting down and abandoning module RuntimePhysXCooking (268)
[2018.03.09-12.41.30:632][393]LogModuleManager: Shutting down and abandoning module PhysXVehiclesEditor (266)
[2018.03.09-12.41.30:632][393]LogModuleManager: Shutting down and abandoning module PhysXVehicles (264)
[2018.03.09-12.41.30:632][393]LogModuleManager: Shutting down and abandoning module OculusEditor (262)
[2018.03.09-12.41.30:632][393]LogModuleManager: Shutting down and abandoning module LocationServicesBPLibrary (260)
[2018.03.09-12.41.30:632][393]LogModuleManager: Shutting down and abandoning module ImmediatePhysicsEditor (258)
[2018.03.09-12.41.30:632][393]LogModuleManager: Shutting down and abandoning module ImmediatePhysics (256)
[2018.03.09-12.41.30:632][393]LogModuleManager: Shutting down and abandoning module UdpMessaging (254)
[2018.03.09-12.41.30:733][393]LogModuleManager: Shutting down and abandoning module TcpMessaging (252)
[2018.03.09-12.41.30:834][393]LogModuleManager: Shutting down and abandoning module GameplayTagsEditor (250)
[2018.03.09-12.41.30:834][393]LogModuleManager: Shutting down and abandoning module FacialAnimationEditor (248)
[2018.03.09-12.41.30:834][393]LogModuleManager: Shutting down and abandoning module FacialAnimation (246)
[2018.03.09-12.41.30:834][393]LogModuleManager: Shutting down and abandoning module AssetManagerEditor (244)
[2018.03.09-12.41.30:834][393]LogModuleManager: Shutting down and abandoning module GraphEditor (243)
[2018.03.09-12.41.30:834][393]LogModuleManager: Shutting down and abandoning module ContentBrowser (241)
[2018.03.09-12.41.30:836][393]LogModuleManager: Shutting down and abandoning module LightPropagationVolumeRuntime (238)
[2018.03.09-12.41.30:836][393]LogModuleManager: Shutting down and abandoning module Paper2D (236)
[2018.03.09-12.41.30:836][393]LogModuleManager: Shutting down and abandoning module WindowsMoviePlayer (234)
[2018.03.09-12.41.30:836][393]LogModuleManager: Shutting down and abandoning module WmfMedia (232)
[2018.03.09-12.41.30:845][393]LogModuleManager: Shutting down and abandoning module ImgMedia (230)
[2018.03.09-12.41.30:845][393]LogModuleManager: Shutting down and abandoning module PacketHandler (228)
[2018.03.09-12.41.30:845][393]LogModuleManager: Shutting down and abandoning module ClothingSystemEditor (226)
[2018.03.09-12.41.30:845][393]LogModuleManager: Shutting down and abandoning module ClothingSystemRuntime (224)
[2018.03.09-12.41.30:846][393]LogModuleManager: Shutting down and abandoning module MediaAssets (222)
[2018.03.09-12.41.30:846][393]LogModuleManager: Shutting down and abandoning module Media (221)
[2018.03.09-12.41.30:853][393]LogModuleManager: Shutting down and abandoning module Overlay (218)
[2018.03.09-12.41.30:853][393]LogModuleManager: Shutting down and abandoning module OverlayEditor (217)
[2018.03.09-12.41.30:853][393]LogModuleManager: Shutting down and abandoning module VREditor (214)
[2018.03.09-12.41.30:853][393]LogModuleManager: Shutting down and abandoning module StringTableEditor (212)
[2018.03.09-12.41.30:853][393]LogModuleManager: Shutting down and abandoning module GameplayTasksEditor (210)
[2018.03.09-12.41.30:853][393]LogModuleManager: Shutting down and abandoning module BehaviorTreeEditor (208)
[2018.03.09-12.41.30:853][393]LogModuleManager: Shutting down and abandoning module FunctionalTesting (206)
[2018.03.09-12.41.30:854][393]LogModuleManager: Shutting down and abandoning module CollisionAnalyzer (204)
[2018.03.09-12.41.30:854][393]LogModuleManager: Shutting down and abandoning module WorkspaceMenuStructure (203)
[2018.03.09-12.41.30:854][393]LogModuleManager: Shutting down and abandoning module UMG (200)
[2018.03.09-12.41.30:854][393]LogModuleManager: Shutting down and abandoning module UMGEditor (199)
[2018.03.09-12.41.30:854][393]LogModuleManager: Shutting down and abandoning module Sequencer (198)
[2018.03.09-12.41.30:854][393]LogModuleManager: Shutting down and abandoning module MessageLog (195)
[2018.03.09-12.41.30:854][393]LogModuleManager: Shutting down and abandoning module SlateReflector (190)
[2018.03.09-12.41.30:855][393]LogModuleManager: Shutting down and abandoning module Slate (188)
[2018.03.09-12.41.30:855][393]LogModuleManager: Shutting down and abandoning module EditorStyle (186)
[2018.03.09-12.41.30:858][393]LogModuleManager: Shutting down and abandoning module MRMesh (184)
[2018.03.09-12.41.30:858][393]LogModuleManager: Shutting down and abandoning module SourceCodeAccess (182)
[2018.03.09-12.41.30:858][393]LogModuleManager: Shutting down and abandoning module HeadMountedDisplay (180)
[2018.03.09-12.41.30:858][393]LogModuleManager: Shutting down and abandoning module XAudio2 (178)
[2018.03.09-12.41.30:858][393]LogModuleManager: Shutting down and abandoning module Networking (176)
[2018.03.09-12.41.30:859][393]LogModuleManager: Shutting down and abandoning module Core (172)
[2018.03.09-12.41.30:859][393]LogModuleManager: Shutting down and abandoning module LevelSequence (168)
[2018.03.09-12.41.30:859][393]LogModuleManager: Shutting down and abandoning module DirectoryWatcher (166)
[2018.03.09-12.41.30:859][393]LogModuleManager: Shutting down and abandoning module KismetCompiler (164)
[2018.03.09-12.41.30:860][393]LogModuleManager: Shutting down and abandoning module MeshUtilities (162)
[2018.03.09-12.41.30:860][393]LogModuleManager: Shutting down and abandoning module MeshMergeUtilities (161)
[2018.03.09-12.41.30:860][393]LogModuleManager: Shutting down and abandoning module MeshReductionInterface (160)
[2018.03.09-12.41.30:860][393]LogModuleManager: Shutting down and abandoning module SimplygonSwarm (159)
[2018.03.09-12.41.30:860][393]LogModuleManager: Shutting down and abandoning module SimplygonMeshReduction (157)
[2018.03.09-12.41.30:860][393]LogModuleManager: Shutting down and abandoning module QuadricMeshReduction (155)
[2018.03.09-12.41.30:860][393]LogModuleManager: Shutting down and abandoning module MaterialBaking (151)
[2018.03.09-12.41.30:860][393]LogModuleManager: Shutting down and abandoning module DerivedDataCache (148)
[2018.03.09-12.41.31:107][393]LogDerivedDataCache: Shutdown
[2018.03.09-12.41.31:107][393]LogModuleManager: Shutting down and abandoning module TargetPlatform (146)
[2018.03.09-12.41.31:107][393]LogModuleManager: Shutting down and abandoning module VulkanShaderFormat (145)
[2018.03.09-12.41.31:107][393]LogModuleManager: Shutting down and abandoning module ShaderFormatVectorVM (143)
[2018.03.09-12.41.31:107][393]LogModuleManager: Shutting down and abandoning module ShaderFormatOpenGL (141)
[2018.03.09-12.41.31:107][393]LogModuleManager: Shutting down and abandoning module ShaderFormatD3D (139)
[2018.03.09-12.41.31:108][393]LogModuleManager: Shutting down and abandoning module MetalShaderFormat (137)
[2018.03.09-12.41.31:108][393]LogModuleManager: Shutting down and abandoning module TextureFormatUncompressed (135)
[2018.03.09-12.41.31:108][393]LogModuleManager: Shutting down and abandoning module TextureFormatPVR (133)
[2018.03.09-12.41.31:108][393]LogModuleManager: Shutting down and abandoning module TextureFormatDXT (131)
[2018.03.09-12.41.31:108][393]LogModuleManager: Shutting down and abandoning module TextureFormatIntelISPCTexComp (129)
[2018.03.09-12.41.31:110][393]LogModuleManager: Shutting down and abandoning module TextureFormatASTC (127)
[2018.03.09-12.41.31:111][393]LogModuleManager: Shutting down and abandoning module ImageWrapper (126)
[2018.03.09-12.41.31:111][393]LogModuleManager: Shutting down and abandoning module TextureFormatAndroid (123)
[2018.03.09-12.41.31:111][393]LogModuleManager: Shutting down and abandoning module AudioFormatOpus (121)
[2018.03.09-12.41.31:111][393]LogModuleManager: Shutting down and abandoning module AudioFormatOgg (119)
[2018.03.09-12.41.31:111][393]LogModuleManager: Shutting down and abandoning module AudioFormatADPCM (117)
[2018.03.09-12.41.31:111][393]LogModuleManager: Shutting down and abandoning module LinuxTargetPlatform (115)
[2018.03.09-12.41.31:111][393]LogModuleManager: Shutting down and abandoning module LinuxServerTargetPlatform (113)
[2018.03.09-12.41.31:111][393]LogModuleManager: Shutting down and abandoning module LinuxNoEditorTargetPlatform (111)
[2018.03.09-12.41.31:111][393]LogModuleManager: Shutting down and abandoning module LinuxClientTargetPlatform (109)
[2018.03.09-12.41.31:111][393]LogModuleManager: Shutting down and abandoning module TVOSTargetPlatform (107)
[2018.03.09-12.41.31:112][393]LogModuleManager: Shutting down and abandoning module Messaging (105)
[2018.03.09-12.41.31:112][393]LogModuleManager: Shutting down and abandoning module IOSTargetPlatform (103)
[2018.03.09-12.41.31:112][393]LogModuleManager: Shutting down and abandoning module HTML5TargetPlatform (101)
[2018.03.09-12.41.31:112][393]LogModuleManager: Shutting down and abandoning module AndroidTargetPlatform (99)
[2018.03.09-12.41.31:112][393]LogModuleManager: Shutting down and abandoning module Android_PVRTCTargetPlatform (97)
[2018.03.09-12.41.31:112][393]LogModuleManager: Shutting down and abandoning module Android_MultiTargetPlatform (95)
[2018.03.09-12.41.31:112][393]LogModuleManager: Shutting down and abandoning module Android_ETC2TargetPlatform (93)
[2018.03.09-12.41.31:112][393]LogModuleManager: Shutting down and abandoning module Android_ETC1TargetPlatform (91)
[2018.03.09-12.41.31:112][393]LogModuleManager: Shutting down and abandoning module Android_DXTTargetPlatform (89)
[2018.03.09-12.41.31:112][393]LogModuleManager: Shutting down and abandoning module Android_ATCTargetPlatform (87)
[2018.03.09-12.41.31:113][393]LogModuleManager: Shutting down and abandoning module Android_ASTCTargetPlatform (85)
[2018.03.09-12.41.31:113][393]LogModuleManager: Shutting down and abandoning module WindowsTargetPlatform (83)
[2018.03.09-12.41.31:113][393]LogModuleManager: Shutting down and abandoning module WindowsServerTargetPlatform (81)
[2018.03.09-12.41.31:113][393]LogModuleManager: Shutting down and abandoning module WindowsNoEditorTargetPlatform (79)
[2018.03.09-12.41.31:113][393]LogModuleManager: Shutting down and abandoning module WindowsClientTargetPlatform (77)
[2018.03.09-12.41.31:113][393]LogModuleManager: Shutting down and abandoning module MacTargetPlatform (75)
[2018.03.09-12.41.31:113][393]LogModuleManager: Shutting down and abandoning module MacServerTargetPlatform (73)
[2018.03.09-12.41.31:113][393]LogModuleManager: Shutting down and abandoning module MacNoEditorTargetPlatform (71)
[2018.03.09-12.41.31:113][393]LogModuleManager: Shutting down and abandoning module MacClientTargetPlatform (69)
[2018.03.09-12.41.31:113][393]LogModuleManager: Shutting down and abandoning module AllDesktopTargetPlatform (67)
[2018.03.09-12.41.31:113][393]LogModuleManager: Shutting down and abandoning module InputCore (64)
[2018.03.09-12.41.31:114][393]LogModuleManager: Shutting down and abandoning module Settings (62)
[2018.03.09-12.41.31:114][393]LogModuleManager: Shutting down and abandoning module PhysXCooking (60)
[2018.03.09-12.41.31:114][393]LogModuleManager: Shutting down and abandoning module SteamVR (58)
[2018.03.09-12.41.31:114][393]LogModuleManager: Shutting down and abandoning module OculusHMD (56)
[2018.03.09-12.41.31:114][393]LogModuleManager: Shutting down and abandoning module ExampleDeviceProfileSelector (54)
[2018.03.09-12.41.31:114][393]LogModuleManager: Shutting down and abandoning module AppleARKit (52)
[2018.03.09-12.41.31:114][393]LogModuleManager: Shutting down and abandoning module AugmentedReality (51)
[2018.03.09-12.41.31:114][393]LogModuleManager: Shutting down and abandoning module OnlineBlueprintSupport (48)
[2018.03.09-12.41.31:114][393]LogModuleManager: Shutting down and abandoning module OnlineSubsystem (44)
[2018.03.09-12.41.31:114][393]LogModuleManager: Shutting down and abandoning module XMPP (43)
[2018.03.09-12.41.31:114][393]LogModuleManager: Shutting down and abandoning module HTTP (41)
[2018.03.09-12.41.31:115][393]LogHttp: Display: Http module shutting down, but needs to wait on 1 outstanding Http requests:
[2018.03.09-12.41.31:115][393]LogHttp: Display: 	verb=[POST] url=[https://datarouter.ol.epicgames.com/datarouter/api/v1/public/data?SessionID=%7BB9429E88-4192-F979-3784-659C4B7F13DE%7D&AppID=UEEditor.Rocket.Release&AppVersion=4.18.3-3832480%2B%2B%2BUE4%2BRelease-4.18&UserID=08b5f8ed464b20ec1d64b2afe9defa4a%7Ca28d7a7443304236884f47e5c8fb970a%7C48b00663-1115-4f2f-98cc-7445595f7a5b&AppEnvironment=datacollector-binary&UploadType=eteventstream] status=Processing
[2018.03.09-12.41.31:119][393]LogModuleManager: Shutting down and abandoning module SSL (40)
[2018.03.09-12.41.31:122][393]LogModuleManager: Shutting down and abandoning module AnimationModifiers (36)
[2018.03.09-12.41.31:122][393]LogModuleManager: Shutting down and abandoning module PropertyEditor (35)
[2018.03.09-12.41.31:122][393]LogModuleManager: Shutting down and abandoning module AudioEditor (32)
[2018.03.09-12.41.31:122][393]LogModuleManager: Shutting down and abandoning module TextureCompressor (30)
[2018.03.09-12.41.31:126][393]LogModuleManager: Shutting down and abandoning module ShaderCore (28)
[2018.03.09-12.41.31:126][393]LogModuleManager: Shutting down and abandoning module Landscape (26)
[2018.03.09-12.41.31:126][393]LogModuleManager: Shutting down and abandoning module SlateRHIRenderer (24)
[2018.03.09-12.41.31:127][393]LogModuleManager: Shutting down and abandoning module OpenGLDrv (22)
[2018.03.09-12.41.31:127][393]LogModuleManager: Shutting down and abandoning module D3D11RHI (20)
[2018.03.09-12.41.31:127][393]LogModuleManager: Shutting down and abandoning module AnimGraphRuntime (18)
[2018.03.09-12.41.31:127][393]LogModuleManager: Shutting down and abandoning module Renderer (16)
[2018.03.09-12.41.31:127][393]LogModuleManager: Shutting down and abandoning module Engine (14)
[2018.03.09-12.41.31:127][393]LogModuleManager: Shutting down and abandoning module CoreUObject (12)
[2018.03.09-12.41.31:127][393]LogModuleManager: Shutting down and abandoning module NetworkFile (10)
[2018.03.09-12.41.31:127][393]LogModuleManager: Shutting down and abandoning module CookedIterativeFile (8)
[2018.03.09-12.41.31:127][393]LogModuleManager: Shutting down and abandoning module StreamingFile (6)
[2018.03.09-12.41.31:127][393]LogModuleManager: Shutting down and abandoning module SandboxFile (4)
[2018.03.09-12.41.31:127][393]LogModuleManager: Shutting down and abandoning module PakFile (2)
[2018.03.09-12.41.31:138][393]LogExit: Exiting.
[2018.03.09-12.41.31:176][393]Log file closed, 03/09/18 13:41:31
